<?xml version="1.0" encoding="UTF-8"?>
<testng-results ignored="0" total="1" passed="1" failed="0" skipped="0">
  <reporter-output>
  </reporter-output>
  <suite started-at="2023-08-22T09:35:31 IST" name="Default suite" finished-at="2023-08-22T09:35:33 IST" duration-ms="1703">
    <groups>
    </groups>
    <test started-at="2023-08-22T09:35:31 IST" name="Default test" finished-at="2023-08-22T09:35:33 IST" duration-ms="1703">
      <class name="Tests.Get">
        <test-method signature="getreq()[pri:0, instance:Tests.Get@7334aada]" started-at="2023-08-22T09:35:31 IST" name="getreq" finished-at="2023-08-22T09:35:33 IST" duration-ms="1654" status="PASS">
          <reporter-output>
          </reporter-output>
        </test-method> <!-- getreq -->
      </class> <!-- Tests.Get -->
    </test> <!-- Default test -->
  </suite> <!-- Default suite -->
</testng-results>
